# JRE version: Java(TM) SE Runtime Environment 18.9 (11.0.22+9) (build 11.0.22+9-LTS-219)
# Java VM: Java HotSpot(TM) 64-Bit Server VM 18.9 (11.0.22+9-LTS-219, mixed mode, tiered, compressed oops, g1 gc, windows-amd64)
Heap:
 garbage-first heap   total 312320K, used 160853K [0x0000000703600000, 0x0000000800000000)
  region size 1024K, 137 young (140288K), 15 survivors (15360K)
 Metaspace       used 70760K, capacity 72997K, committed 73040K, reserved 1112064K
  class space    used 9379K, capacity 10291K, committed 10324K, reserved 1048576K
GC Heap History (10 events):
Event: 4.243 GC heap before
{Heap before GC invocations=5 (full 0):
 garbage-first heap   total 260096K, used 99703K [0x0000000703600000, 0x0000000800000000)
  region size 1024K, 90 young (92160K), 5 survivors (5120K)
 Metaspace       used 33380K, capacity 34453K, committed 34556K, reserved 1079296K
  class space    used 4082K, capacity 4516K, committed 4608K, reserved 1048576K
}
Event: 4.249 GC heap after
{Heap after GC invocations=6 (full 0):
 garbage-first heap   total 260096K, used 17189K [0x0000000703600000, 0x0000000800000000)
  region size 1024K, 9 young (9216K), 9 survivors (9216K)
 Metaspace       used 33380K, capacity 34453K, committed 34556K, reserved 1079296K
  class space    used 4082K, capacity 4516K, committed 4608K, reserved 1048576K
}
Event: 4.371 GC heap before
{Heap before GC invocations=6 (full 0):
 garbage-first heap   total 260096K, used 43813K [0x0000000703600000, 0x0000000800000000)
  region size 1024K, 36 young (36864K), 9 survivors (9216K)
 Metaspace       used 34901K, capacity 35974K, committed 36048K, reserved 1081344K
  class space    used 4304K, capacity 4746K, committed 4820K, reserved 1048576K
}
Event: 4.379 GC heap after
{Heap after GC invocations=7 (full 0):
 garbage-first heap   total 260096K, used 17688K [0x0000000703600000, 0x0000000800000000)
  region size 1024K, 9 young (9216K), 9 survivors (9216K)
 Metaspace       used 34901K, capacity 35974K, committed 36048K, reserved 1081344K
  class space    used 4304K, capacity 4746K, committed 4820K, reserved 1048576K
}
Event: 5.042 GC heap before
{Heap before GC invocations=8 (full 0):
 garbage-first heap   total 260096K, used 145688K [0x0000000703600000, 0x0000000800000000)
  region size 1024K, 130 young (133120K), 9 survivors (9216K)
 Metaspace       used 42342K, capacity 43753K, committed 43856K, reserved 1087488K
  class space    used 5336K, capacity 5911K, committed 5972K, reserved 1048576K
}
Event: 5.050 GC heap after
{Heap after GC invocations=9 (full 0):
 garbage-first heap   total 260096K, used 22880K [0x0000000703600000, 0x0000000800000000)
  region size 1024K, 14 young (14336K), 14 survivors (14336K)
 Metaspace       used 42342K, capacity 43753K, committed 43856K, reserved 1087488K
  class space    used 5336K, capacity 5911K, committed 5972K, reserved 1048576K
}
Event: 5.722 GC heap before
{Heap before GC invocations=9 (full 0):
 garbage-first heap   total 260096K, used 127328K [0x0000000703600000, 0x0000000800000000)
  region size 1024K, 117 young (119808K), 14 survivors (14336K)
 Metaspace       used 58675K, capacity 60422K, committed 60508K, reserved 1101824K
  class space    used 7647K, capacity 8390K, committed 8404K, reserved 1048576K
}
Event: 5.739 GC heap after
{Heap after GC invocations=10 (full 0):
 garbage-first heap   total 312320K, used 28989K [0x0000000703600000, 0x0000000800000000)
  region size 1024K, 16 young (16384K), 16 survivors (16384K)
 Metaspace       used 58675K, capacity 60422K, committed 60508K, reserved 1101824K
  class space    used 7647K, capacity 8390K, committed 8404K, reserved 1048576K
}
Event: 6.338 GC heap before
{Heap before GC invocations=11 (full 0):
 garbage-first heap   total 312320K, used 184637K [0x0000000703600000, 0x0000000800000000)
  region size 1024K, 168 young (172032K), 16 survivors (16384K)
 Metaspace       used 62982K, capacity 65118K, committed 65360K, reserved 1105920K
  class space    used 8366K, capacity 9239K, committed 9300K, reserved 1048576K
}
Event: 6.352 GC heap after
{Heap after GC invocations=12 (full 0):
 garbage-first heap   total 312320K, used 36949K [0x0000000703600000, 0x0000000800000000)
  region size 1024K, 15 young (15360K), 15 survivors (15360K)
 Metaspace       used 62982K, capacity 65118K, committed 65360K, reserved 1105920K
  class space    used 8366K, capacity 9239K, committed 9300K, reserved 1048576K
}

