# JRE version: Java(TM) SE Runtime Environment 18.9 (11.0.22+9) (build 11.0.22+9-LTS-219)
# Java VM: Java HotSpot(TM) 64-Bit Server VM 18.9 (11.0.22+9-LTS-219, mixed mode, tiered, compressed oops, g1 gc, windows-amd64)
Heap:
 garbage-first heap   total 312320K, used 142017K [0x0000000703600000, 0x0000000800000000)
  region size 1024K, 123 young (125952K), 21 survivors (21504K)
 Metaspace       used 70282K, capacity 72530K, committed 72616K, reserved 1112064K
  class space    used 9310K, capacity 10218K, committed 10272K, reserved 1048576K
GC Heap History (10 events):
Event: 4.371 GC heap before
{Heap before GC invocations=5 (full 0):
 garbage-first heap   total 260096K, used 103136K [0x0000000703600000, 0x0000000800000000)
  region size 1024K, 92 young (94208K), 5 survivors (5120K)
 Metaspace       used 33399K, capacity 34453K, committed 34556K, reserved 1079296K
  class space    used 4086K, capacity 4516K, committed 4608K, reserved 1048576K
}
Event: 4.381 GC heap after
{Heap after GC invocations=6 (full 0):
 garbage-first heap   total 260096K, used 17536K [0x0000000703600000, 0x0000000800000000)
  region size 1024K, 9 young (9216K), 9 survivors (9216K)
 Metaspace       used 33399K, capacity 34453K, committed 34556K, reserved 1079296K
  class space    used 4086K, capacity 4516K, committed 4608K, reserved 1048576K
}
Event: 4.510 GC heap before
{Heap before GC invocations=6 (full 0):
 garbage-first heap   total 260096K, used 42112K [0x0000000703600000, 0x0000000800000000)
  region size 1024K, 34 young (34816K), 9 survivors (9216K)
 Metaspace       used 34902K, capacity 35974K, committed 36048K, reserved 1081344K
  class space    used 4304K, capacity 4746K, committed 4820K, reserved 1048576K
}
Event: 4.517 GC heap after
{Heap after GC invocations=7 (full 0):
 garbage-first heap   total 260096K, used 17821K [0x0000000703600000, 0x0000000800000000)
  region size 1024K, 9 young (9216K), 9 survivors (9216K)
 Metaspace       used 34902K, capacity 35974K, committed 36048K, reserved 1081344K
  class space    used 4304K, capacity 4746K, committed 4820K, reserved 1048576K
}
Event: 5.263 GC heap before
{Heap before GC invocations=8 (full 0):
 garbage-first heap   total 260096K, used 146845K [0x0000000703600000, 0x0000000800000000)
  region size 1024K, 131 young (134144K), 9 survivors (9216K)
 Metaspace       used 42461K, capacity 43820K, committed 44112K, reserved 1087488K
  class space    used 5350K, capacity 5912K, committed 5972K, reserved 1048576K
}
Event: 5.277 GC heap after
{Heap after GC invocations=9 (full 0):
 garbage-first heap   total 312320K, used 23666K [0x0000000703600000, 0x0000000800000000)
  region size 1024K, 15 young (15360K), 15 survivors (15360K)
 Metaspace       used 42461K, capacity 43820K, committed 44112K, reserved 1087488K
  class space    used 5350K, capacity 5912K, committed 5972K, reserved 1048576K
}
Event: 6.011 GC heap before
{Heap before GC invocations=9 (full 0):
 garbage-first heap   total 312320K, used 127090K [0x0000000703600000, 0x0000000800000000)
  region size 1024K, 117 young (119808K), 15 survivors (15360K)
 Metaspace       used 58709K, capacity 60414K, committed 60508K, reserved 1101824K
  class space    used 7647K, capacity 8364K, committed 8404K, reserved 1048576K
}
Event: 6.027 GC heap after
{Heap after GC invocations=10 (full 0):
 garbage-first heap   total 312320K, used 28997K [0x0000000703600000, 0x0000000800000000)
  region size 1024K, 17 young (17408K), 17 survivors (17408K)
 Metaspace       used 58709K, capacity 60414K, committed 60508K, reserved 1101824K
  class space    used 7647K, capacity 8364K, committed 8404K, reserved 1048576K
}
Event: 6.733 GC heap before
{Heap before GC invocations=11 (full 0):
 garbage-first heap   total 312320K, used 198981K [0x0000000703600000, 0x0000000800000000)
  region size 1024K, 183 young (187392K), 17 survivors (17408K)
 Metaspace       used 63102K, capacity 65219K, committed 65448K, reserved 1105920K
  class space    used 8387K, capacity 9248K, committed 9248K, reserved 1048576K
}
Event: 6.752 GC heap after
{Heap after GC invocations=12 (full 0):
 garbage-first heap   total 312320K, used 38593K [0x0000000703600000, 0x0000000800000000)
  region size 1024K, 21 young (21504K), 21 survivors (21504K)
 Metaspace       used 63102K, capacity 65219K, committed 65448K, reserved 1105920K
  class space    used 8387K, capacity 9248K, committed 9248K, reserved 1048576K
}

